{
  "stats": {
    "suites": 3,
    "tests": 16,
    "passes": 16,
    "pending": 0,
    "failures": 0,
    "start": "2019-10-25T09:35:34.120Z",
    "end": "2019-10-25T09:35:34.192Z",
    "duration": 72,
    "testsRegistered": 16,
    "passPercent": 100,
    "pendingPercent": 0,
    "other": 0,
    "hasOther": false,
    "skipped": 0,
    "hasSkipped": false
  },
  "results": [
    {
      "uuid": "34c9f58c-4910-4eca-b9b9-bce5ad191fb5",
      "title": "",
      "fullFile": "",
      "file": "",
      "beforeHooks": [],
      "afterHooks": [],
      "tests": [],
      "suites": [
        {
          "uuid": "9dc84b01-88c9-4f8a-9eab-625c644704e8",
          "title": "helper file",
          "fullFile": "/Users/amolngaikwad/mystuff/adform_assign/sample/RESTful_API/server/helpers/helper.spec.js",
          "file": "/server/helpers/helper.spec.js",
          "beforeHooks": [],
          "afterHooks": [],
          "tests": [
            {
              "title": "getNewId() should get value 1",
              "fullTitle": "helper file getNewId() should get value 1",
              "timedOut": false,
              "duration": 1,
              "state": "passed",
              "speed": "fast",
              "pass": true,
              "fail": false,
              "pending": false,
              "context": null,
              "code": "(0, _chai.expect)((0, _helper.getNewId)([])).to.equal(1);",
              "err": {},
              "uuid": "b09a3383-485b-48af-bf3c-e37845ca19b9",
              "parentUUID": "9dc84b01-88c9-4f8a-9eab-625c644704e8",
              "isHook": false,
              "skipped": false
            },
            {
              "title": "getNewId() should  get value 2 when array contain value",
              "fullTitle": "helper file getNewId() should  get value 2 when array contain value",
              "timedOut": false,
              "duration": 0,
              "state": "passed",
              "speed": "fast",
              "pass": true,
              "fail": false,
              "pending": false,
              "context": null,
              "code": "(0, _chai.expect)((0, _helper.getNewId)([{\n  id: 1\n}])).to.equal(2);",
              "err": {},
              "uuid": "8e8d2135-dace-4c9e-be91-98c50149ef25",
              "parentUUID": "9dc84b01-88c9-4f8a-9eab-625c644704e8",
              "isHook": false,
              "skipped": false
            },
            {
              "title": "writeJSONFile()  writes data to file",
              "fullTitle": "helper file writeJSONFile()  writes data to file",
              "timedOut": false,
              "duration": 1,
              "state": "passed",
              "speed": "fast",
              "pass": true,
              "fail": false,
              "pending": false,
              "context": null,
              "code": "(0, _chai.expect)((0, _helper.writeJSONFile)('./data/dummy.js', {\n  name: 'Amol'\n}));",
              "err": {},
              "uuid": "4c33a63d-0e67-4fa7-817c-19448b4ba5b8",
              "parentUUID": "9dc84b01-88c9-4f8a-9eab-625c644704e8",
              "isHook": false,
              "skipped": false
            },
            {
              "title": "deleteById() should  get empty array when success",
              "fullTitle": "helper file deleteById() should  get empty array when success",
              "timedOut": false,
              "duration": 1,
              "state": "passed",
              "speed": "fast",
              "pass": true,
              "fail": false,
              "pending": false,
              "context": null,
              "code": "(0, _chai.expect)((0, _helper.deleteById)([{\n  id: 1\n}], 1)).to.be.empty;",
              "err": {},
              "uuid": "7580103e-86dc-4b18-9a6b-4b218d1ade7d",
              "parentUUID": "9dc84b01-88c9-4f8a-9eab-625c644704e8",
              "isHook": false,
              "skipped": false
            },
            {
              "title": "deleteById() should  get array when value not match",
              "fullTitle": "helper file deleteById() should  get array when value not match",
              "timedOut": false,
              "duration": 0,
              "state": "passed",
              "speed": "fast",
              "pass": true,
              "fail": false,
              "pending": false,
              "context": null,
              "code": "(0, _chai.expect)((0, _helper.deleteById)([{\n  id: 2\n}], 1)).to.be.an('array');",
              "err": {},
              "uuid": "ebe71758-2732-41f4-b64d-b03e63446213",
              "parentUUID": "9dc84b01-88c9-4f8a-9eab-625c644704e8",
              "isHook": false,
              "skipped": false
            },
            {
              "title": "getIndexById() should  get empty array when success",
              "fullTitle": "helper file getIndexById() should  get empty array when success",
              "timedOut": false,
              "duration": 0,
              "state": "passed",
              "speed": "fast",
              "pass": true,
              "fail": false,
              "pending": false,
              "context": null,
              "code": "(0, _chai.expect)((0, _helper.getIndexById)([{\n  id: 1\n}], 'id', 1)).to.equal(0);",
              "err": {},
              "uuid": "79155fa7-d80e-4789-a956-40ac7550878d",
              "parentUUID": "9dc84b01-88c9-4f8a-9eab-625c644704e8",
              "isHook": false,
              "skipped": false
            }
          ],
          "suites": [],
          "passes": [
            "b09a3383-485b-48af-bf3c-e37845ca19b9",
            "8e8d2135-dace-4c9e-be91-98c50149ef25",
            "4c33a63d-0e67-4fa7-817c-19448b4ba5b8",
            "7580103e-86dc-4b18-9a6b-4b218d1ade7d",
            "ebe71758-2732-41f4-b64d-b03e63446213",
            "79155fa7-d80e-4789-a956-40ac7550878d"
          ],
          "failures": [],
          "pending": [],
          "skipped": [],
          "duration": 3,
          "root": false,
          "rootEmpty": false,
          "_timeout": 2000
        },
        {
          "uuid": "dc18ab13-7ea0-4608-a29e-50d31d3b4eb5",
          "title": "owner model",
          "fullFile": "/Users/amolngaikwad/mystuff/adform_assign/sample/RESTful_API/server/models/owner.spec.js",
          "file": "/server/models/owner.spec.js",
          "beforeHooks": [],
          "afterHooks": [],
          "tests": [
            {
              "title": "create() should create owner and get created owner",
              "fullTitle": "owner model create() should create owner and get created owner",
              "timedOut": false,
              "duration": 2,
              "state": "passed",
              "speed": "fast",
              "pass": true,
              "fail": false,
              "pending": false,
              "context": null,
              "code": "var self = this,\n    args = arguments;\nreturn new Promise(function (resolve, reject) {\n  var gen = fn.apply(self, args);\n  function _next(value) {\n    asyncGeneratorStep(gen, resolve, reject, _next, _throw, \"next\", value);\n  }\n  function _throw(err) {\n    asyncGeneratorStep(gen, resolve, reject, _next, _throw, \"throw\", err);\n  }\n  _next(undefined);\n});",
              "err": {},
              "uuid": "e9faa5b7-8f58-4983-bbfc-262a3e37e231",
              "parentUUID": "dc18ab13-7ea0-4608-a29e-50d31d3b4eb5",
              "isHook": false,
              "skipped": false
            },
            {
              "title": "getOwners() should get owners array",
              "fullTitle": "owner model getOwners() should get owners array",
              "timedOut": false,
              "duration": 1,
              "state": "passed",
              "speed": "fast",
              "pass": true,
              "fail": false,
              "pending": false,
              "context": null,
              "code": "var self = this,\n    args = arguments;\nreturn new Promise(function (resolve, reject) {\n  var gen = fn.apply(self, args);\n  function _next(value) {\n    asyncGeneratorStep(gen, resolve, reject, _next, _throw, \"next\", value);\n  }\n  function _throw(err) {\n    asyncGeneratorStep(gen, resolve, reject, _next, _throw, \"throw\", err);\n  }\n  _next(undefined);\n});",
              "err": {},
              "uuid": "18ea2339-ae41-4c58-bf28-deea389c3dae",
              "parentUUID": "dc18ab13-7ea0-4608-a29e-50d31d3b4eb5",
              "isHook": false,
              "skipped": false
            },
            {
              "title": "updateOwnerById() should get updated owner data",
              "fullTitle": "owner model updateOwnerById() should get updated owner data",
              "timedOut": false,
              "duration": 1,
              "state": "passed",
              "speed": "fast",
              "pass": true,
              "fail": false,
              "pending": false,
              "context": null,
              "code": "var self = this,\n    args = arguments;\nreturn new Promise(function (resolve, reject) {\n  var gen = fn.apply(self, args);\n  function _next(value) {\n    asyncGeneratorStep(gen, resolve, reject, _next, _throw, \"next\", value);\n  }\n  function _throw(err) {\n    asyncGeneratorStep(gen, resolve, reject, _next, _throw, \"throw\", err);\n  }\n  _next(undefined);\n});",
              "err": {},
              "uuid": "64f17f38-20e3-433b-968e-c67a0acefe81",
              "parentUUID": "dc18ab13-7ea0-4608-a29e-50d31d3b4eb5",
              "isHook": false,
              "skipped": false
            },
            {
              "title": "getOwnerById() should get particular owner data",
              "fullTitle": "owner model getOwnerById() should get particular owner data",
              "timedOut": false,
              "duration": 1,
              "state": "passed",
              "speed": "fast",
              "pass": true,
              "fail": false,
              "pending": false,
              "context": null,
              "code": "var self = this,\n    args = arguments;\nreturn new Promise(function (resolve, reject) {\n  var gen = fn.apply(self, args);\n  function _next(value) {\n    asyncGeneratorStep(gen, resolve, reject, _next, _throw, \"next\", value);\n  }\n  function _throw(err) {\n    asyncGeneratorStep(gen, resolve, reject, _next, _throw, \"throw\", err);\n  }\n  _next(undefined);\n});",
              "err": {},
              "uuid": "bf4f34b2-e8e0-433b-8e4f-17436a76ec38",
              "parentUUID": "dc18ab13-7ea0-4608-a29e-50d31d3b4eb5",
              "isHook": false,
              "skipped": false
            },
            {
              "title": "deleteOwnerById() should delete owner and get deleted owner data",
              "fullTitle": "owner model deleteOwnerById() should delete owner and get deleted owner data",
              "timedOut": false,
              "duration": 1,
              "state": "passed",
              "speed": "fast",
              "pass": true,
              "fail": false,
              "pending": false,
              "context": null,
              "code": "var self = this,\n    args = arguments;\nreturn new Promise(function (resolve, reject) {\n  var gen = fn.apply(self, args);\n  function _next(value) {\n    asyncGeneratorStep(gen, resolve, reject, _next, _throw, \"next\", value);\n  }\n  function _throw(err) {\n    asyncGeneratorStep(gen, resolve, reject, _next, _throw, \"throw\", err);\n  }\n  _next(undefined);\n});",
              "err": {},
              "uuid": "476376dc-7086-4922-af72-2bd2b1ba73fd",
              "parentUUID": "dc18ab13-7ea0-4608-a29e-50d31d3b4eb5",
              "isHook": false,
              "skipped": false
            }
          ],
          "suites": [],
          "passes": [
            "e9faa5b7-8f58-4983-bbfc-262a3e37e231",
            "18ea2339-ae41-4c58-bf28-deea389c3dae",
            "64f17f38-20e3-433b-968e-c67a0acefe81",
            "bf4f34b2-e8e0-433b-8e4f-17436a76ec38",
            "476376dc-7086-4922-af72-2bd2b1ba73fd"
          ],
          "failures": [],
          "pending": [],
          "skipped": [],
          "duration": 6,
          "root": false,
          "rootEmpty": false,
          "_timeout": 2000
        },
        {
          "uuid": "d27e3e21-065b-4f74-bcf4-d7e5ec33dd86",
          "title": "pets model file file",
          "fullFile": "/Users/amolngaikwad/mystuff/adform_assign/sample/RESTful_API/server/models/pet.spec.js",
          "file": "/server/models/pet.spec.js",
          "beforeHooks": [],
          "afterHooks": [],
          "tests": [
            {
              "title": "create() should get the created object return",
              "fullTitle": "pets model file file create() should get the created object return",
              "timedOut": false,
              "duration": 1,
              "state": "passed",
              "speed": "fast",
              "pass": true,
              "fail": false,
              "pending": false,
              "context": null,
              "code": "var self = this,\n    args = arguments;\nreturn new Promise(function (resolve, reject) {\n  var gen = fn.apply(self, args);\n  function _next(value) {\n    asyncGeneratorStep(gen, resolve, reject, _next, _throw, \"next\", value);\n  }\n  function _throw(err) {\n    asyncGeneratorStep(gen, resolve, reject, _next, _throw, \"throw\", err);\n  }\n  _next(undefined);\n});",
              "err": {},
              "uuid": "767126d1-5c38-48e1-99fd-1e168725992a",
              "parentUUID": "d27e3e21-065b-4f74-bcf4-d7e5ec33dd86",
              "isHook": false,
              "skipped": false
            },
            {
              "title": "create() should get the created object return",
              "fullTitle": "pets model file file create() should get the created object return",
              "timedOut": false,
              "duration": 1,
              "state": "passed",
              "speed": "fast",
              "pass": true,
              "fail": false,
              "pending": false,
              "context": null,
              "code": "var self = this,\n    args = arguments;\nreturn new Promise(function (resolve, reject) {\n  var gen = fn.apply(self, args);\n  function _next(value) {\n    asyncGeneratorStep(gen, resolve, reject, _next, _throw, \"next\", value);\n  }\n  function _throw(err) {\n    asyncGeneratorStep(gen, resolve, reject, _next, _throw, \"throw\", err);\n  }\n  _next(undefined);\n});",
              "err": {},
              "uuid": "2a180456-5061-42cc-a8ce-c8a1f4adf306",
              "parentUUID": "d27e3e21-065b-4f74-bcf4-d7e5ec33dd86",
              "isHook": false,
              "skipped": false
            },
            {
              "title": "getAllPetsByOwnerId() should get pets array",
              "fullTitle": "pets model file file getAllPetsByOwnerId() should get pets array",
              "timedOut": false,
              "duration": 1,
              "state": "passed",
              "speed": "fast",
              "pass": true,
              "fail": false,
              "pending": false,
              "context": null,
              "code": "var self = this,\n    args = arguments;\nreturn new Promise(function (resolve, reject) {\n  var gen = fn.apply(self, args);\n  function _next(value) {\n    asyncGeneratorStep(gen, resolve, reject, _next, _throw, \"next\", value);\n  }\n  function _throw(err) {\n    asyncGeneratorStep(gen, resolve, reject, _next, _throw, \"throw\", err);\n  }\n  _next(undefined);\n});",
              "err": {},
              "uuid": "2c1ebfd1-99bd-4d2a-85d2-de870d3e5b0f",
              "parentUUID": "d27e3e21-065b-4f74-bcf4-d7e5ec33dd86",
              "isHook": false,
              "skipped": false
            },
            {
              "title": "updatePetByIdAndOwnerId() should get updated pets data",
              "fullTitle": "pets model file file updatePetByIdAndOwnerId() should get updated pets data",
              "timedOut": false,
              "duration": 1,
              "state": "passed",
              "speed": "fast",
              "pass": true,
              "fail": false,
              "pending": false,
              "context": null,
              "code": "var self = this,\n    args = arguments;\nreturn new Promise(function (resolve, reject) {\n  var gen = fn.apply(self, args);\n  function _next(value) {\n    asyncGeneratorStep(gen, resolve, reject, _next, _throw, \"next\", value);\n  }\n  function _throw(err) {\n    asyncGeneratorStep(gen, resolve, reject, _next, _throw, \"throw\", err);\n  }\n  _next(undefined);\n});",
              "err": {},
              "uuid": "8a699f5d-0b77-45e0-b4f0-8cb1fea0f0a3",
              "parentUUID": "d27e3e21-065b-4f74-bcf4-d7e5ec33dd86",
              "isHook": false,
              "skipped": false
            },
            {
              "title": "deletePetByIdAndOwnerId() should delete pet and get deleted pet data",
              "fullTitle": "pets model file file deletePetByIdAndOwnerId() should delete pet and get deleted pet data",
              "timedOut": false,
              "duration": 1,
              "state": "passed",
              "speed": "fast",
              "pass": true,
              "fail": false,
              "pending": false,
              "context": null,
              "code": "var self = this,\n    args = arguments;\nreturn new Promise(function (resolve, reject) {\n  var gen = fn.apply(self, args);\n  function _next(value) {\n    asyncGeneratorStep(gen, resolve, reject, _next, _throw, \"next\", value);\n  }\n  function _throw(err) {\n    asyncGeneratorStep(gen, resolve, reject, _next, _throw, \"throw\", err);\n  }\n  _next(undefined);\n});",
              "err": {},
              "uuid": "c8c75615-92fb-4e3f-a2f5-6399bec243c3",
              "parentUUID": "d27e3e21-065b-4f74-bcf4-d7e5ec33dd86",
              "isHook": false,
              "skipped": false
            }
          ],
          "suites": [],
          "passes": [
            "767126d1-5c38-48e1-99fd-1e168725992a",
            "2a180456-5061-42cc-a8ce-c8a1f4adf306",
            "2c1ebfd1-99bd-4d2a-85d2-de870d3e5b0f",
            "8a699f5d-0b77-45e0-b4f0-8cb1fea0f0a3",
            "c8c75615-92fb-4e3f-a2f5-6399bec243c3"
          ],
          "failures": [],
          "pending": [],
          "skipped": [],
          "duration": 5,
          "root": false,
          "rootEmpty": false,
          "_timeout": 2000
        }
      ],
      "passes": [],
      "failures": [],
      "pending": [],
      "skipped": [],
      "duration": 0,
      "root": true,
      "rootEmpty": true,
      "_timeout": 2000
    }
  ],
  "meta": {
    "mocha": {
      "version": "6.2.2"
    },
    "mochawesome": {
      "options": {
        "quiet": false,
        "reportFilename": "mochawesome",
        "saveHtml": true,
        "saveJson": true,
        "consoleReporter": "spec",
        "useInlineDiffs": false
      },
      "version": "4.1.0"
    },
    "marge": {
      "options": null,
      "version": "4.0.1"
    }
  }
}